Unity Editor version:    2020.3.29f1 (2ff179115da0)
Branch:                  2020.3/staging
Build type:              Release
Batch mode:              YES
macOS version:           Version 13.0.1 (Build 22A400)
Darwin version:          22.1.0
Architecture:            x86_64
Running under Rosetta:   YES
Available memory:        32768 MB
Using pre-set license
Pro License: NO

COMMAND LINE ARGUMENTS:
/Applications/Unity/Hub/Editor/2020.3.29f1/Unity.app/Contents/MacOS/Unity
-adb2
-batchMode
-noUpm
-name
AssetImportWorker0
-projectPath
/Users/madilyn/Documents/GitHub/2022-SWU-3DProgramming/UnityPractice
-logFile
Logs/AssetImportWorker0.log
-srvPort
51361
Successfully changed project path to: /Users/madilyn/Documents/GitHub/2022-SWU-3DProgramming/UnityPractice
/Users/madilyn/Documents/GitHub/2022-SWU-3DProgramming/UnityPractice
Using Asset Import Pipeline V2.
Refreshing native plugins compatible for Editor in 29.22 ms, found 2 plugins.
Preloading 0 native plugins for Editor in 0.00 ms.
Initialize engine version: 2020.3.29f1 (2ff179115da0)
[Subsystems] Discovering subsystems at path /Applications/Unity/Hub/Editor/2020.3.29f1/Unity.app/Contents/Resources/UnitySubsystems
[Subsystems] Discovering subsystems at path /Users/madilyn/Documents/GitHub/2022-SWU-3DProgramming/UnityPractice/Assets
GfxDevice: creating device client; threaded=0
2022-12-12 13:03:49.189 Unity[28316:150197] (null) preferred device: Apple M1 Pro (high power)
2022-12-12 13:03:49.189 Unity[28316:150197] Metal devices available: 1
2022-12-12 13:03:49.189 Unity[28316:150197] 0: Apple M1 Pro (high power)
2022-12-12 13:03:49.190 Unity[28316:150197] Using device Apple M1 Pro (high power)
Initializing Metal device caps: Apple M1 Pro
Initialize mono
Mono path[0] = '/Applications/Unity/Hub/Editor/2020.3.29f1/Unity.app/Contents/Managed'
Mono path[1] = '/Applications/Unity/Hub/Editor/2020.3.29f1/Unity.app/Contents/MonoBleedingEdge/lib/mono/unityjit'
Mono config path = '/Applications/Unity/Hub/Editor/2020.3.29f1/Unity.app/Contents/MonoBleedingEdge/etc'
Using monoOptions --debugger-agent=transport=dt_socket,embedding=1,server=y,suspend=n,address=127.0.0.1:56316
Begin MonoManager ReloadAssembly
Registering precompiled unity dll's ...
Register platform support module: /Applications/Unity/Hub/Editor/2020.3.29f1/Unity.app/Contents/PlaybackEngines/MacStandaloneSupport/UnityEditor.OSXStandalone.Extensions.dll
Register platform support module: /Applications/Unity/Hub/Editor/2020.3.29f1/PlaybackEngines/WindowsStandaloneSupport/UnityEditor.WindowsStandalone.Extensions.dll
Registered in 0.000586 seconds.
Native extension for WindowsStandalone target not found
Native extension for OSXStandalone target not found
Refreshing native plugins compatible for Editor in 31.81 ms, found 2 plugins.
Preloading 0 native plugins for Editor in 0.00 ms.
Mono: successfully reloaded assembly
- Completed reload, in  1.166 seconds
Domain Reload Profiling:
	ReloadAssembly (1167ms)
		BeginReloadAssembly (80ms)
			ExecutionOrderSort (0ms)
			DisableScriptedObjects (0ms)
			BackupInstance (0ms)
			ReleaseScriptingObjects (0ms)
			CreateAndSetChildDomain (2ms)
		EndReloadAssembly (993ms)
			LoadAssemblies (78ms)
			RebuildTransferFunctionScriptingTraits (0ms)
			SetupTypeCache (144ms)
			ReleaseScriptCaches (0ms)
			RebuildScriptCaches (29ms)
			SetupLoadedEditorAssemblies (541ms)
				LogAssemblyErrors (0ms)
				InitializePlatformSupportModulesInManaged (12ms)
				SetLoadedEditorAssemblies (0ms)
				RefreshPlugins (32ms)
				BeforeProcessingInitializeOnLoad (29ms)
				ProcessInitializeOnLoadAttributes (342ms)
				ProcessInitializeOnLoadMethodAttributes (125ms)
				AfterProcessingInitializeOnLoad (0ms)
				EditorAssembliesLoaded (1ms)
			ExecutionOrderSort2 (0ms)
			AwakeInstancesAfterBackupRestoration (0ms)
Platform modules already initialized, skipping
Registering precompiled user dll's ...
Registered in 0.001064 seconds.
Begin MonoManager ReloadAssembly
Native extension for WindowsStandalone target not found
Native extension for OSXStandalone target not found
Refreshing native plugins compatible for Editor in 0.38 ms, found 2 plugins.
Preloading 0 native plugins for Editor in 0.00 ms.
Mono: successfully reloaded assembly
- Completed reload, in  2.062 seconds
Domain Reload Profiling:
	ReloadAssembly (2063ms)
		BeginReloadAssembly (230ms)
			ExecutionOrderSort (0ms)
			DisableScriptedObjects (33ms)
			BackupInstance (0ms)
			ReleaseScriptingObjects (0ms)
			CreateAndSetChildDomain (17ms)
		EndReloadAssembly (1760ms)
			LoadAssemblies (191ms)
			RebuildTransferFunctionScriptingTraits (0ms)
			SetupTypeCache (258ms)
			ReleaseScriptCaches (0ms)
			RebuildScriptCaches (37ms)
			SetupLoadedEditorAssemblies (1038ms)
				LogAssemblyErrors (0ms)
				InitializePlatformSupportModulesInManaged (17ms)
				SetLoadedEditorAssemblies (1ms)
				RefreshPlugins (0ms)
				BeforeProcessingInitializeOnLoad (194ms)
				ProcessInitializeOnLoadAttributes (792ms)
				ProcessInitializeOnLoadMethodAttributes (32ms)
				AfterProcessingInitializeOnLoad (1ms)
				EditorAssembliesLoaded (0ms)
			ExecutionOrderSort2 (0ms)
			AwakeInstancesAfterBackupRestoration (37ms)
Platform modules already initialized, skipping
Validating Project structure ... 0.001859 seconds.
Shader import version has changed; will reimport all shaders...
Upgrading shader files ...0.001886 seconds.
Application.AssetDatabase Initial Script Refresh Start
RefreshInfo: InitialScriptRefreshV2(NoUpdateAssetOptions) scanfilter:  ... 1 filters
RefreshProfiler: Total: 0.000ms
Application.AssetDatabase Initial Script Refresh End
Application.AssetDatabase.Refresh Start
Application.AssetDatabase.Refresh End
RefreshInfo: StopAssetImportingV2(ForceSynchronousImport) scanfilter: 
RefreshProfiler: Total: 0.000ms
Launching external process: /Applications/Unity/Hub/Editor/2020.3.29f1/Unity.app/Contents/Tools/UnityShaderCompiler
Launched and connected shader compiler UnityShaderCompiler after 0.03 seconds
Initializing Unity extensions:
2022-12-12 13:03:53.067 Unity[28316:150197] NSEventModifierFlagFunction specified to -setKeyEquivalentModifierMask: for item <NSMenuItem: 0x60000002a3e0 Font Asset, ke='Command-F12'>, but is only supported for system-provided menu items; will not be used
2022-12-12 13:03:53.069 Unity[28316:150197] NSEventModifierFlagFunction specified to -setKeyEquivalentModifierMask: for item <NSMenuItem: 0x600000023090 Font Asset, ke='Command-F12'>, but is only supported for system-provided menu items; will not be used
========================================================================
Worker process is ready to serve import requests
Refreshing native plugins compatible for Editor in 0.33 ms, found 2 plugins.
Preloading 0 native plugins for Editor in 0.00 ms.
Unloading 1503 Unused Serialized files (Serialized files now loaded: 0)
System memory in use before: 72.5 MB.
System memory in use after: 71.7 MB.

Unloading 77 unused Assets to reduce memory usage. Loaded Objects now: 1978.
Total: 2.688958 ms (FindLiveObjects: 0.091875 ms CreateObjectMapping: 0.031833 ms MarkObjects: 2.144291 ms  DeleteObjects: 0.420042 ms)

AssetImportParameters requested are different than current active one (requested -> active):
  custom:video-decoder-ogg-theora: a1e56fd34408186e4bbccfd4996cb3dc -> 
  custom:container-muxer-webm: aa71ff27fc2769a1b78a27578f13a17b -> 
  custom:container-demuxer-webm: 4f35f7cbe854078d1ac9338744f61a02 -> 
  custom:container-demuxer-ogg: 62fdf1f143b41e24485cea50d1cbac27 -> 
  custom:video-encoder-webm-vp8: eb34c28f22e8b96e1ab97ce403110664 -> 
  custom:framework-osx-AVFoundation: e770b220cccbd017edd2c1fefb359320 -> 
  custom:video-decoder-webm-vp8: 9c59270c3fd7afecdb556c50c9e8de78 -> 
  custom:audio-decoder-ogg-vorbis: bf7c407c2cedff20999df2af8eb42d56 -> 
  custom:audio-encoder-webm-vorbis: bf7c407c2cedff20999df2af8eb42d56 -> 
========================================================================
Received Import Request.
  path: Assets/ZombieAnimationPackFree/Animations/0-idle_agressive.fbx
  artifactKey: Guid(6ff84b2de0b0a4343b04ef9e8d358664) Importer(815301076,1909f56bfc062723c751e8b465ee728b)
Start importing Assets/ZombieAnimationPackFree/Animations/0-idle_agressive.fbx using Guid(6ff84b2de0b0a4343b04ef9e8d358664) Importer(815301076,1909f56bfc062723c751e8b465ee728b)  -> (artifact id: '6c4e850be3cd152c9feb08424a7d7f06') in 0.648543 seconds 
  Import took 0.653393 seconds .

========================================================================
Received Import Request.
  Time since last request: 303.424908 seconds.
  path: Assets/Ergin3d/Santa Claus/SantaClaus.unity
  artifactKey: Guid(990d8d23b6333c04ca5fdaaceb9df8a5) Importer(815301076,1909f56bfc062723c751e8b465ee728b)
Start importing Assets/Ergin3d/Santa Claus/SantaClaus.unity using Guid(990d8d23b6333c04ca5fdaaceb9df8a5) Importer(815301076,1909f56bfc062723c751e8b465ee728b)  -> (artifact id: '4f1b6f0b9e7a8c555ed6a69751a4ce6c') in 0.001049 seconds 
  Import took 0.002891 seconds .

========================================================================
Received Import Request.
  Time since last request: 357.199921 seconds.
  path: Assets/Free Voxel Christmas Pack/Models/Christmas_Trees/Christmas tree_4.obj
  artifactKey: Guid(26c97f3cbd5a5a54b88531b1d27c9435) Importer(815301076,1909f56bfc062723c751e8b465ee728b)
Start importing Assets/Free Voxel Christmas Pack/Models/Christmas_Trees/Christmas tree_4.obj using Guid(26c97f3cbd5a5a54b88531b1d27c9435) Importer(815301076,1909f56bfc062723c751e8b465ee728b)  -> (artifact id: '54d55bd047625477d387ade47e0bae8d') in 0.900909 seconds 
  Import took 0.906225 seconds .

========================================================================
Received Import Request.
  Time since last request: 76.612245 seconds.
  path: Assets/Ergin3d/Santa Claus/Prefab
  artifactKey: Guid(75d3e9980db90b3479acc5ee8211d88a) Importer(815301076,1909f56bfc062723c751e8b465ee728b)
Start importing Assets/Ergin3d/Santa Claus/Prefab using Guid(75d3e9980db90b3479acc5ee8211d88a) Importer(815301076,1909f56bfc062723c751e8b465ee728b)  -> (artifact id: 'f7b1dc225eef1df06a93cd1de374e6b4') in 0.000763 seconds 
  Import took 0.002648 seconds .

========================================================================
Received Import Request.
  Time since last request: 182.647789 seconds.
  path: Assets/Ergin3d/Santa Claus/Santa Claus@Walking.fbx
  artifactKey: Guid(671fc3ba379a148da9fb285e013e981c) Importer(815301076,1909f56bfc062723c751e8b465ee728b)
Start importing Assets/Ergin3d/Santa Claus/Santa Claus@Walking.fbx using Guid(671fc3ba379a148da9fb285e013e981c) Importer(815301076,1909f56bfc062723c751e8b465ee728b)  -> (artifact id: 'daabdaba8e1cd62fb12863d75df3433e') in 0.005557 seconds 
  Import took 0.007934 seconds .

========================================================================
Received Import Request.
  Time since last request: 44.625771 seconds.
  path: Assets/Ergin3d/Santa Claus/Materials/Santa Claus@Walking (1).fbx
  artifactKey: Guid(052c586b95c4948c3bf8770bc3650df3) Importer(815301076,1909f56bfc062723c751e8b465ee728b)
Start importing Assets/Ergin3d/Santa Claus/Materials/Santa Claus@Walking (1).fbx using Guid(052c586b95c4948c3bf8770bc3650df3) Importer(815301076,1909f56bfc062723c751e8b465ee728b)  -> (artifact id: '900c3cc6f9ff0f334899732c1f3dd311') in 0.538382 seconds 
  Import took 0.544151 seconds .

========================================================================
Received Prepare
Registering precompiled user dll's ...
Registered in 0.001120 seconds.
Begin MonoManager ReloadAssembly
Native extension for WindowsStandalone target not found
Native extension for OSXStandalone target not found
Refreshing native plugins compatible for Editor in 0.34 ms, found 2 plugins.
Preloading 0 native plugins for Editor in 0.00 ms.
2022-12-12 13:22:50.803 Unity[28316:150197] NSEventModifierFlagFunction specified to -setKeyEquivalentModifierMask: for item <NSMenuItem: 0x600000023410 Font Asset, ke='Command-F12'>, but is only supported for system-provided menu items; will not be used
Mono: successfully reloaded assembly
- Completed reload, in  1.798 seconds
Domain Reload Profiling:
	ReloadAssembly (1799ms)
		BeginReloadAssembly (162ms)
			ExecutionOrderSort (0ms)
			DisableScriptedObjects (28ms)
			BackupInstance (0ms)
			ReleaseScriptingObjects (0ms)
			CreateAndSetChildDomain (33ms)
		EndReloadAssembly (1567ms)
			LoadAssemblies (172ms)
			RebuildTransferFunctionScriptingTraits (0ms)
			SetupTypeCache (237ms)
			ReleaseScriptCaches (1ms)
			RebuildScriptCaches (33ms)
			SetupLoadedEditorAssemblies (900ms)
				LogAssemblyErrors (0ms)
				InitializePlatformSupportModulesInManaged (13ms)
				SetLoadedEditorAssemblies (1ms)
				RefreshPlugins (0ms)
				BeforeProcessingInitializeOnLoad (204ms)
				ProcessInitializeOnLoadAttributes (655ms)
				ProcessInitializeOnLoadMethodAttributes (24ms)
				AfterProcessingInitializeOnLoad (1ms)
				EditorAssembliesLoaded (0ms)
			ExecutionOrderSort2 (0ms)
			AwakeInstancesAfterBackupRestoration (31ms)
Platform modules already initialized, skipping
Refreshing native plugins compatible for Editor in 0.34 ms, found 2 plugins.
Preloading 0 native plugins for Editor in 0.00 ms.
Unloading 1496 Unused Serialized files (Serialized files now loaded: 0)
System memory in use before: 212.0 MB.
System memory in use after: 212.1 MB.

Unloading 12 unused Assets to reduce memory usage. Loaded Objects now: 2024.
Total: 1.852917 ms (FindLiveObjects: 0.071667 ms CreateObjectMapping: 0.028042 ms MarkObjects: 1.727416 ms  DeleteObjects: 0.024792 ms)

AssetImportParameters requested are different than current active one (requested -> active):
  custom:video-decoder-ogg-theora: a1e56fd34408186e4bbccfd4996cb3dc -> 
  custom:container-muxer-webm: aa71ff27fc2769a1b78a27578f13a17b -> 
  custom:container-demuxer-webm: 4f35f7cbe854078d1ac9338744f61a02 -> 
  custom:container-demuxer-ogg: 62fdf1f143b41e24485cea50d1cbac27 -> 
  custom:video-encoder-webm-vp8: eb34c28f22e8b96e1ab97ce403110664 -> 
  custom:framework-osx-AVFoundation: e770b220cccbd017edd2c1fefb359320 -> 
  custom:video-decoder-webm-vp8: 9c59270c3fd7afecdb556c50c9e8de78 -> 
  custom:audio-decoder-ogg-vorbis: bf7c407c2cedff20999df2af8eb42d56 -> 
  custom:audio-encoder-webm-vorbis: bf7c407c2cedff20999df2af8eb42d56 -> 
========================================================================
Received Import Request.
  Time since last request: 271.640123 seconds.
  path: Assets/Ergin3d/Santa Claus/Materials
  artifactKey: Guid(f3b5535ba1a320e40b624bbe6c873d66) Importer(815301076,1909f56bfc062723c751e8b465ee728b)
Start importing Assets/Ergin3d/Santa Claus/Materials using Guid(f3b5535ba1a320e40b624bbe6c873d66) Importer(815301076,1909f56bfc062723c751e8b465ee728b)  -> (artifact id: 'c607336f1931ffac2da2cb8bc8a40a86') in 0.005261 seconds 
  Import took 0.007491 seconds .

========================================================================
Received Import Request.
  Time since last request: 15.302937 seconds.
  path: Assets/Ergin3d/Santa Claus/Materials/New Animator Controller.controller
  artifactKey: Guid(dab3dd3e9d4614ca5a8a0c77956f10bf) Importer(815301076,1909f56bfc062723c751e8b465ee728b)
Start importing Assets/Ergin3d/Santa Claus/Materials/New Animator Controller.controller using Guid(dab3dd3e9d4614ca5a8a0c77956f10bf) Importer(815301076,1909f56bfc062723c751e8b465ee728b)  -> (artifact id: '06ea2d601cdb8c257ea91bf477d1a2ee') in 0.258319 seconds 
  Import took 0.261777 seconds .

========================================================================
Received Import Request.
  Time since last request: 38.279764 seconds.
  path: Assets/Ergin3d/Santa Claus/Materials/Santa Claus@Walking (1).fbx
  artifactKey: Guid(052c586b95c4948c3bf8770bc3650df3) Importer(815301076,1909f56bfc062723c751e8b465ee728b)
Start importing Assets/Ergin3d/Santa Claus/Materials/Santa Claus@Walking (1).fbx using Guid(052c586b95c4948c3bf8770bc3650df3) Importer(815301076,1909f56bfc062723c751e8b465ee728b)  -> (artifact id: '17d1403a4f492160da8d45bc6615db30') in 0.330008 seconds 
  Import took 0.335298 seconds .

========================================================================
Received Prepare
Registering precompiled user dll's ...
Registered in 0.000887 seconds.
Begin MonoManager ReloadAssembly
Native extension for WindowsStandalone target not found
Native extension for OSXStandalone target not found
Refreshing native plugins compatible for Editor in 0.35 ms, found 2 plugins.
Preloading 0 native plugins for Editor in 0.00 ms.
2022-12-12 13:28:27.227 Unity[28316:150197] NSEventModifierFlagFunction specified to -setKeyEquivalentModifierMask: for item <NSMenuItem: 0x600000022ca0 Font Asset, ke='Command-F12'>, but is only supported for system-provided menu items; will not be used
Mono: successfully reloaded assembly
- Completed reload, in  1.730 seconds
Domain Reload Profiling:
	ReloadAssembly (1730ms)
		BeginReloadAssembly (154ms)
			ExecutionOrderSort (0ms)
			DisableScriptedObjects (25ms)
			BackupInstance (0ms)
			ReleaseScriptingObjects (0ms)
			CreateAndSetChildDomain (32ms)
		EndReloadAssembly (1509ms)
			LoadAssemblies (160ms)
			RebuildTransferFunctionScriptingTraits (0ms)
			SetupTypeCache (223ms)
			ReleaseScriptCaches (1ms)
			RebuildScriptCaches (30ms)
			SetupLoadedEditorAssemblies (885ms)
				LogAssemblyErrors (0ms)
				InitializePlatformSupportModulesInManaged (13ms)
				SetLoadedEditorAssemblies (1ms)
				RefreshPlugins (0ms)
				BeforeProcessingInitializeOnLoad (200ms)
				ProcessInitializeOnLoadAttributes (646ms)
				ProcessInitializeOnLoadMethodAttributes (23ms)
				AfterProcessingInitializeOnLoad (1ms)
				EditorAssembliesLoaded (0ms)
			ExecutionOrderSort2 (0ms)
			AwakeInstancesAfterBackupRestoration (29ms)
Platform modules already initialized, skipping
Refreshing native plugins compatible for Editor in 0.36 ms, found 2 plugins.
Preloading 0 native plugins for Editor in 0.00 ms.
Unloading 1496 Unused Serialized files (Serialized files now loaded: 0)
System memory in use before: 260.1 MB.
System memory in use after: 260.2 MB.

Unloading 11 unused Assets to reduce memory usage. Loaded Objects now: 2027.
Total: 1.906459 ms (FindLiveObjects: 0.070458 ms CreateObjectMapping: 0.031958 ms MarkObjects: 1.781875 ms  DeleteObjects: 0.021292 ms)

AssetImportParameters requested are different than current active one (requested -> active):
  custom:video-decoder-ogg-theora: a1e56fd34408186e4bbccfd4996cb3dc -> 
  custom:container-muxer-webm: aa71ff27fc2769a1b78a27578f13a17b -> 
  custom:container-demuxer-webm: 4f35f7cbe854078d1ac9338744f61a02 -> 
  custom:container-demuxer-ogg: 62fdf1f143b41e24485cea50d1cbac27 -> 
  custom:video-encoder-webm-vp8: eb34c28f22e8b96e1ab97ce403110664 -> 
  custom:framework-osx-AVFoundation: e770b220cccbd017edd2c1fefb359320 -> 
  custom:video-decoder-webm-vp8: 9c59270c3fd7afecdb556c50c9e8de78 -> 
  custom:audio-decoder-ogg-vorbis: bf7c407c2cedff20999df2af8eb42d56 -> 
  custom:audio-encoder-webm-vorbis: bf7c407c2cedff20999df2af8eb42d56 -> 
